<?xml version="1.0" encoding="UTF-8"?>
<!-- Generated by org.testng.reporters.JUnitReportReporter -->
<testsuite skipped="0" hostname="DESKTOP-H6NSOSJ" name="com.w2a.testcases.AddCustomerTest" tests="3" failures="0" timestamp="2025-03-10T18:30:41 PDT" time="4.779" errors="0">
  <testcase name="addCustomerTest" time="1.197" classname="com.w2a.testcases.AddCustomerTest"/>
  <system-out/>
  <testcase name="addCustomerTest" time="2.289" classname="com.w2a.testcases.AddCustomerTest"/>
  <system-out/>
  <testcase name="addCustomerTest" time="1.293" classname="com.w2a.testcases.AddCustomerTest"/>
  <system-out/>
</testsuite> <!-- com.w2a.testcases.AddCustomerTest -->
