<?xml version="1.0" encoding="UTF-8"?>
<!-- Generated by org.testng.reporters.JUnitReportReporter -->
<testsuite skipped="0" hostname="DESKTOP-H6NSOSJ" name="com.w2a.testcases.AddCustomerTest" tests="3" failures="0" timestamp="2025-03-11T00:11:10 PDT" time="7.401" errors="0">
  <testcase name="addCustomerTest" time="3.456" classname="com.w2a.testcases.AddCustomerTest"/>
  <system-out/>
  <testcase name="addCustomerTest" time="1.838" classname="com.w2a.testcases.AddCustomerTest"/>
  <system-out/>
  <testcase name="addCustomerTest" time="2.107" classname="com.w2a.testcases.AddCustomerTest"/>
  <system-out/>
</testsuite> <!-- com.w2a.testcases.AddCustomerTest -->
