<?xml version="1.0" encoding="UTF-8"?>
<!-- Generated by org.testng.reporters.JUnitReportReporter -->
<testsuite skipped="0" hostname="DESKTOP-H6NSOSJ" name="com.w2a.testcases.OpenAccountTest" tests="1" failures="0" timestamp="2025-03-11T00:11:10 PDT" time="4.005" errors="0">
  <testcase name="openAccountTest" time="4.005" classname="com.w2a.testcases.OpenAccountTest"/>
  <system-out/>
</testsuite> <!-- com.w2a.testcases.OpenAccountTest -->
